<?xml version="1.0" encoding="UTF-8"?>
<!-- Generated by org.testng.reporters.JUnitReportReporter -->
<testsuite hostname="DESKTOP-M1O57FK" name="com.training.sanity.tests.RTTC_036" tests="1" failures="0" timestamp="5 Nov 2019 07:38:13 GMT" time="46.625" errors="0">
  <testcase name="test36" time="46.625" classname="com.training.sanity.tests.RTTC_036"/>
</testsuite> <!-- com.training.sanity.tests.RTTC_036 -->
