<?xml version="1.0" encoding="UTF-8"?>
<!-- Generated by org.testng.reporters.JUnitReportReporter -->
<testsuite hostname="DESKTOP-M1O57FK" name="com.training.sanity.tests.RTTC_005" tests="1" failures="0" timestamp="23 Oct 2019 17:10:22 GMT" time="37.699" errors="0">
  <testcase name="test05" time="37.699" classname="com.training.sanity.tests.RTTC_005"/>
</testsuite> <!-- com.training.sanity.tests.RTTC_005 -->
