<?xml version="1.0" encoding="UTF-8"?>
<!-- Generated by org.testng.reporters.JUnitReportReporter -->
<testsuite hostname="DESKTOP-M1O57FK" name="com.training.sanity.tests.RTTC_065" tests="1" failures="0" timestamp="7 Nov 2019 19:31:41 GMT" time="65.862" errors="0">
  <testcase name="f" time="65.862" classname="com.training.sanity.tests.RTTC_065"/>
</testsuite> <!-- com.training.sanity.tests.RTTC_065 -->
