<?xml version="1.0" encoding="UTF-8"?>
<!-- Generated by org.testng.reporters.JUnitReportReporter -->
<testsuite hostname="DESKTOP-M1O57FK" name="com.training.sanity.tests.RTTC_006" tests="1" failures="0" timestamp="23 Oct 2019 17:12:06 GMT" time="31.950" errors="0">
  <testcase name="Test06" time="31.950" classname="com.training.sanity.tests.RTTC_006"/>
</testsuite> <!-- com.training.sanity.tests.RTTC_006 -->
