<?xml version="1.0" encoding="UTF-8"?>
<!-- Generated by org.testng.reporters.JUnitReportReporter -->
<testsuite hostname="DESKTOP-M1O57FK" name="com.training.sanity.tests.RTTC_005" tests="1" failures="0" timestamp="29 Oct 2019 16:50:56 GMT" time="39.027" errors="0">
  <testcase name="test05" time="39.027" classname="com.training.sanity.tests.RTTC_005"/>
</testsuite> <!-- com.training.sanity.tests.RTTC_005 -->
