<?xml version="1.0" encoding="UTF-8"?>
<!-- Generated by org.testng.reporters.JUnitReportReporter -->
<testsuite hostname="DESKTOP-M1O57FK" name="com.training.sanity.tests.RTTC_004" tests="2" failures="0" timestamp="23 Oct 2019 17:08:27 GMT" time="66.209" errors="0">
  <testcase name="test04_Step1" time="29.611" classname="com.training.sanity.tests.RTTC_004"/>
  <testcase name="test04_Step2" time="36.598" classname="com.training.sanity.tests.RTTC_004"/>
</testsuite> <!-- com.training.sanity.tests.RTTC_004 -->
