<?xml version="1.0" encoding="UTF-8"?>
<!-- Generated by org.testng.reporters.JUnitReportReporter -->
<testsuite hostname="DESKTOP-M1O57FK" name="com.training.sanity.tests.RTTC_006" tests="1" failures="0" timestamp="29 Oct 2019 17:22:37 GMT" time="38.106" errors="0">
  <testcase name="Test06" time="38.106" classname="com.training.sanity.tests.RTTC_006"/>
</testsuite> <!-- com.training.sanity.tests.RTTC_006 -->
